This is TeX, C Version 3.141 (format=lplain 92.11.20)  15 JUL 1994 13:50
**html2latex
(html2latex.tex
LaTeX Version 2.09 <7 Dec 1989>
(/usr/local/lib/tex/macros/article.sty
Document Style `article' <16 Mar 88>.
(/usr/local/lib/tex/macros/art10.sty)
\c@part=\count78
\c@section=\count79
\c@subsection=\count80
\c@subsubsection=\count81
\c@paragraph=\count82
\c@subparagraph=\count83
\c@figure=\count84
\c@table=\count85
)
No file html2latex.aux.
[1

] [2] (html2latex.aux) ) 
Here is how much of TeX's memory you used:
 142 strings out of 11987
 1408 string characters out of 87298
 28986 words of memory out of 262141
 2096 multiletter control sequences out of 9500
 18996 words of font info for 72 fonts, out of 100000 for 255
 14 hyphenation exceptions out of 607
 12i,4n,15p,145b,116s stack positions out of 300i,40n,60p,3000b,4000s

Output written on html2latex.dvi (2 pages, 3976 bytes).
